
-------------------------------------------------------------------------------
Parsing project file - C:\Users\Wal\Desktop\Darkest Dungeon\My Mods\Oks_TheHell\project.xml
Mod Data Directory = C:/Users/Wal/Desktop/Darkest Dungeon/My Mods/Oks_TheHell/

-------------------------------------------------------------------------------
Processing Map Files files...

-------------------------------------------------------------------------------
Running Localization...
Parsing localization/actorhell.string_table.xml
Parsing localization/hell.string_table.xml
Parsing localization/hellcurios.string_table.xml
Parsing localization/hellmonsters.string_table.xml
Parsing localization/potionhell.string_table.xml

Building Languages

+++++++++++++++++++++++++++++++++++++++++
Error english - trinket_rarity_christmas
----------
Couldn't find colour christmasred in {colour_start|christmasred}Christ{colour_end}{colour_start|christmasgreen}mas{colour_end}
----------
----------
Couldn't find colour christmasgreen in {colour_start|christmasgreen}mas{colour_end}
----------

+++++++++++++++++++++++++++++++++++++++++
Error english - trinket_rarity_fourth
----------
Couldn't find colour fourth_red in {colour_start|fourth_red}Fourth{colour_end} {colour_start|fourth_white}of{colour_end} {colour_start|fourth_blue}July{colour_end}
----------
----------
Couldn't find colour fourth_white in {colour_start|fourth_white}of{colour_end} {colour_start|fourth_blue}July{colour_end}
----------
----------
Couldn't find colour fourth_blue in {colour_start|fourth_blue}July{colour_end}
----------

+++++++++++++++++++++++++++++++++++++++++
Error czech - trinket_rarity_christmas
----------
Couldn't find colour christmasred in {colour_start|christmasred}Christ{colour_end}{colour_start|christmasgreen}mas{colour_end}
----------
----------
Couldn't find colour christmasgreen in {colour_start|christmasgreen}mas{colour_end}
----------

+++++++++++++++++++++++++++++++++++++++++
Error czech - trinket_rarity_fourth
----------
Couldn't find colour fourth_red in {colour_start|fourth_red}Fourth{colour_end} {colour_start|fourth_white}of{colour_end} {colour_start|fourth_blue}July{colour_end}
----------
----------
Couldn't find colour fourth_white in {colour_start|fourth_white}of{colour_end} {colour_start|fourth_blue}July{colour_end}
----------
----------
Couldn't find colour fourth_blue in {colour_start|fourth_blue}July{colour_end}
----------

+++++++++++++++++++++++++++++++++++++++++
Error brazilian - trinket_rarity_christmas
----------
Couldn't find colour christmasred in {colour_start|christmasred}Christ{colour_end}{colour_start|christmasgreen}mas{colour_end}
----------
----------
Couldn't find colour christmasgreen in {colour_start|christmasgreen}mas{colour_end}
----------

+++++++++++++++++++++++++++++++++++++++++
Error brazilian - trinket_rarity_fourth
----------
Couldn't find colour fourth_red in {colour_start|fourth_red}Fourth{colour_end} {colour_start|fourth_white}of{colour_end} {colour_start|fourth_blue}July{colour_end}
----------
----------
Couldn't find colour fourth_white in {colour_start|fourth_white}of{colour_end} {colour_start|fourth_blue}July{colour_end}
----------
----------
Couldn't find colour fourth_blue in {colour_start|fourth_blue}July{colour_end}
----------

+++++++++++++++++++++++++++++++++++++++++
Error italian - trinket_rarity_christmas
----------
Couldn't find colour christmasred in {colour_start|christmasred}Christ{colour_end}{colour_start|christmasgreen}mas{colour_end}
----------
----------
Couldn't find colour christmasgreen in {colour_start|christmasgreen}mas{colour_end}
----------

+++++++++++++++++++++++++++++++++++++++++
Error italian - trinket_rarity_fourth
----------
Couldn't find colour fourth_red in {colour_start|fourth_red}Fourth{colour_end} {colour_start|fourth_white}of{colour_end} {colour_start|fourth_blue}July{colour_end}
----------
----------
Couldn't find colour fourth_white in {colour_start|fourth_white}of{colour_end} {colour_start|fourth_blue}July{colour_end}
----------
----------
Couldn't find colour fourth_blue in {colour_start|fourth_blue}July{colour_end}
----------

+++++++++++++++++++++++++++++++++++++++++
Error russian - trinket_rarity_christmas
----------
Couldn't find colour christmasred in {colour_start|christmasred}Christ{colour_end}{colour_start|christmasgreen}mas{colour_end}
----------
----------
Couldn't find colour christmasgreen in {colour_start|christmasgreen}mas{colour_end}
----------

+++++++++++++++++++++++++++++++++++++++++
Error russian - trinket_rarity_fourth
----------
Couldn't find colour fourth_red in {colour_start|fourth_red}Fourth{colour_end} {colour_start|fourth_white}of{colour_end} {colour_start|fourth_blue}July{colour_end}
----------
----------
Couldn't find colour fourth_white in {colour_start|fourth_white}of{colour_end} {colour_start|fourth_blue}July{colour_end}
----------
----------
Couldn't find colour fourth_blue in {colour_start|fourth_blue}July{colour_end}
----------

+++++++++++++++++++++++++++++++++++++++++
Error polish - trinket_rarity_christmas
----------
Couldn't find colour christmasred in {colour_start|christmasred}Christ{colour_end}{colour_start|christmasgreen}mas{colour_end}
----------
----------
Couldn't find colour christmasgreen in {colour_start|christmasgreen}mas{colour_end}
----------

+++++++++++++++++++++++++++++++++++++++++
Error polish - trinket_rarity_fourth
----------
Couldn't find colour fourth_red in {colour_start|fourth_red}Fourth{colour_end} {colour_start|fourth_white}of{colour_end} {colour_start|fourth_blue}July{colour_end}
----------
----------
Couldn't find colour fourth_white in {colour_start|fourth_white}of{colour_end} {colour_start|fourth_blue}July{colour_end}
----------
----------
Couldn't find colour fourth_blue in {colour_start|fourth_blue}July{colour_end}
----------

+++++++++++++++++++++++++++++++++++++++++
Error french - trinket_rarity_christmas
----------
Couldn't find colour christmasred in {colour_start|christmasred}Christ{colour_end}{colour_start|christmasgreen}mas{colour_end}
----------
----------
Couldn't find colour christmasgreen in {colour_start|christmasgreen}mas{colour_end}
----------

+++++++++++++++++++++++++++++++++++++++++
Error french - trinket_rarity_fourth
----------
Couldn't find colour fourth_red in {colour_start|fourth_red}Fourth{colour_end} {colour_start|fourth_white}of{colour_end} {colour_start|fourth_blue}July{colour_end}
----------
----------
Couldn't find colour fourth_white in {colour_start|fourth_white}of{colour_end} {colour_start|fourth_blue}July{colour_end}
----------
----------
Couldn't find colour fourth_blue in {colour_start|fourth_blue}July{colour_end}
----------

+++++++++++++++++++++++++++++++++++++++++
Error german - trinket_rarity_christmas
----------
Couldn't find colour christmasred in {colour_start|christmasred}Christ{colour_end}{colour_start|christmasgreen}mas{colour_end}
----------
----------
Couldn't find colour christmasgreen in {colour_start|christmasgreen}mas{colour_end}
----------

+++++++++++++++++++++++++++++++++++++++++
Error german - trinket_rarity_fourth
----------
Couldn't find colour fourth_red in {colour_start|fourth_red}Fourth{colour_end} {colour_start|fourth_white}of{colour_end} {colour_start|fourth_blue}July{colour_end}
----------
----------
Couldn't find colour fourth_white in {colour_start|fourth_white}of{colour_end} {colour_start|fourth_blue}July{colour_end}
----------
----------
Couldn't find colour fourth_blue in {colour_start|fourth_blue}July{colour_end}
----------

+++++++++++++++++++++++++++++++++++++++++
Error spanish - trinket_rarity_christmas
----------
Couldn't find colour christmasred in {colour_start|christmasred}Christ{colour_end}{colour_start|christmasgreen}mas{colour_end}
----------
----------
Couldn't find colour christmasgreen in {colour_start|christmasgreen}mas{colour_end}
----------

+++++++++++++++++++++++++++++++++++++++++
Error spanish - trinket_rarity_fourth
----------
Couldn't find colour fourth_red in {colour_start|fourth_red}Fourth{colour_end} {colour_start|fourth_white}of{colour_end} {colour_start|fourth_blue}July{colour_end}
----------
----------
Couldn't find colour fourth_white in {colour_start|fourth_white}of{colour_end} {colour_start|fourth_blue}July{colour_end}
----------
----------
Couldn't find colour fourth_blue in {colour_start|fourth_blue}July{colour_end}
----------
Exporting .loc files

-------------------------------------------------------------------------------
Searching for preview icon file C:/Users/Wal/Desktop/Darkest Dungeon/My Mods/Oks_TheHell/preview_icon.png...FOUND!
<UploadMode> - Set to direct_upload


-------------------------------------------------------------------------------
Detected 2 unchanged files
The following files are unchanged and will be uploaded...
C:/Users/Wal/Desktop/Darkest Dungeon/My Mods/Oks_TheHell/monsters/skeleton_bearer/skeleton_bearer_C/skeleton_bearer_C.art.darkest
C:/Users/Wal/Desktop/Darkest Dungeon/My Mods/Oks_TheHell/monsters/skeleton_bearer/skeleton_bearer_C/tint.png

-------------------------------------------------------------------------------
Modded files...

props/shared/curios/hell_altar/Thumbs.db
props/shared/curios/hell_altar/hell_altar.atlas
props/shared/curios/hell_altar/hell_altar.png
props/shared/curios/hell_altar/hell_altar.skel
campaign/town/provision/provision.layout.darkest
monsters/ancestor_heart/ancestor_heart_E/ancestor_heart_E.art.darkest
monsters/ancestor_heart/ancestor_heart_E/ancestor_heart_E.info.darkest
monsters/ancestor_heart/ancestor_heart_E/tint.png
monsters/ancestor_heart/ancestor_heart_F/ancestor_heart_F.art.darkest
monsters/ancestor_heart/ancestor_heart_F/ancestor_heart_F.info.darkest
monsters/ancestor_heart/ancestor_heart_F/tint.png
monsters/brigand_cannon/brigand_cannon_D/brigand_cannon_D.art.darkest
monsters/brigand_cannon/brigand_cannon_D/brigand_cannon_D.info.darkest
monsters/brigand_cannon/brigand_cannon_D/tint.png
monsters/brigand_cannon/brigand_cannon_E/brigand_cannon_E.art.darkest
monsters/brigand_cannon/brigand_cannon_E/brigand_cannon_E.info.darkest
monsters/brigand_cannon/brigand_cannon_E/tint.png
monsters/brigand_cutthroat/brigand_cutthroat_D/brigand_cutthroat_D.art.darkest
monsters/brigand_cutthroat/brigand_cutthroat_D/brigand_cutthroat_D.info.darkest
monsters/brigand_cutthroat/brigand_cutthroat_D/tint.png
monsters/brigand_cutthroat/brigand_cutthroat_E/brigand_cutthroat_E.art.darkest
monsters/brigand_cutthroat/brigand_cutthroat_E/brigand_cutthroat_E.info.darkest
monsters/brigand_cutthroat/brigand_cutthroat_E/tint.png
monsters/brigand_cutthroat/brigand_cutthroat_F/brigand_cutthroat_F.art.darkest
monsters/brigand_cutthroat/brigand_cutthroat_F/brigand_cutthroat_F.info.darkest
monsters/brigand_cutthroat/brigand_cutthroat_F/tint.png
monsters/brigand_fuseman/brigand_fuseman_D/brigand_fuseman_D.art.darkest
monsters/brigand_fuseman/brigand_fuseman_D/brigand_fuseman_D.info.darkest
monsters/brigand_fuseman/brigand_fuseman_D/tint.png
monsters/brigand_fuseman/brigand_fuseman_E/brigand_fuseman_E.art.darkest
monsters/brigand_fuseman/brigand_fuseman_E/brigand_fuseman_E.info.darkest
monsters/brigand_fuseman/brigand_fuseman_E/tint.png
monsters/brigand_fuseman/brigand_fuseman_F/brigand_fuseman_F.art.darkest
monsters/brigand_fuseman/brigand_fuseman_F/brigand_fuseman_F.info.darkest
monsters/brigand_fuseman/brigand_fuseman_F/tint.png
monsters/brigand_fusilier/brigand_fusilier_D/brigand_fusilier_D.art.darkest
monsters/brigand_fusilier/brigand_fusilier_D/brigand_fusilier_D.info.darkest
monsters/brigand_fusilier/brigand_fusilier_D/tint.png
monsters/brigand_fusilier/brigand_fusilier_E/brigand_fusilier_E.art.darkest
monsters/brigand_fusilier/brigand_fusilier_E/brigand_fusilier_E.info.darkest
monsters/brigand_fusilier/brigand_fusilier_E/tint.png
monsters/brigand_fusilier/brigand_fusilier_F/brigand_fusilier_F.art.darkest
monsters/brigand_fusilier/brigand_fusilier_F/brigand_fusilier_F.info.darkest
monsters/brigand_fusilier/brigand_fusilier_F/tint.png
monsters/brigand_sapper/brigand_sapper_E/brigand_sapper_E.art.darkest
monsters/brigand_sapper/brigand_sapper_E/brigand_sapper_E.info.darkest
monsters/brigand_sapper/brigand_sapper_E/tint.png
monsters/brigand_sapper/brigand_sapper_F/brigand_sapper_F.art.darkest
monsters/brigand_sapper/brigand_sapper_F/brigand_sapper_F.info.darkest
monsters/brigand_sapper/brigand_sapper_F/tint.png
monsters/cyst/cyst_E/cyst_E.art.darkest
monsters/cyst/cyst_E/cyst_E.info.darkest
monsters/cyst/cyst_E/tint.png
monsters/cyst/cyst_F/cyst_F.art.darkest
monsters/cyst/cyst_F/cyst_F.info.darkest
monsters/cyst/cyst_F/tint.png
monsters/drowned_anchor/drowned_anchor_D/drowned_anchor_D.art.darkest
monsters/drowned_anchor/drowned_anchor_D/drowned_anchor_D.info.darkest
monsters/drowned_anchor/drowned_anchor_D/tint.png
monsters/drowned_anchor/drowned_anchor_E/drowned_anchor_E.art.darkest
monsters/drowned_anchor/drowned_anchor_E/drowned_anchor_E.info.darkest
monsters/drowned_anchor/drowned_anchor_E/tint.png
monsters/drowned_anchored/drowned_anchored_D/drowned_anchored_D.art.darkest
monsters/drowned_anchored/drowned_anchored_D/drowned_anchored_D.info.darkest
monsters/drowned_anchored/drowned_anchored_D/tint.png
monsters/drowned_anchored/drowned_anchored_E/drowned_anchored_E.art.darkest
monsters/drowned_anchored/drowned_anchored_E/drowned_anchored_E.info.darkest
monsters/drowned_anchored/drowned_anchored_E/tint.png
monsters/drowned_captain/drowned_captain_D/drowned_captain_D.art.darkest
monsters/drowned_captain/drowned_captain_D/drowned_captain_D.info.darkest
monsters/drowned_captain/drowned_captain_D/tint.png
monsters/drowned_captain/drowned_captain_E/drowned_captain_E.art.darkest
monsters/drowned_captain/drowned_captain_E/drowned_captain_E.info.darkest
monsters/drowned_captain/drowned_captain_E/tint.png
monsters/drowned_captain/drowned_captain_F/drowned_captain_F.art.darkest
monsters/drowned_captain/drowned_captain_F/drowned_captain_F.info.darkest
monsters/drowned_captain/drowned_captain_F/tint.png
monsters/formless_guard/formless_guard_D/formless_guard_D.art.darkest
monsters/formless_guard/formless_guard_D/formless_guard_D.info.darkest
monsters/formless_guard/formless_guard_D/tint.png
monsters/formless_guard/formless_guard_E/formless_guard_E.art.darkest
monsters/formless_guard/formless_guard_E/formless_guard_E.info.darkest
monsters/formless_guard/formless_guard_E/tint.png
monsters/formless_guard/formless_guard_F/formless_guard_F.art.darkest
monsters/formless_guard/formless_guard_F/formless_guard_F.info.darkest
monsters/formless_guard/formless_guard_F/tint.png
monsters/formless_melee/formless_melee_D/formless_melee_D.art.darkest
monsters/formless_melee/formless_melee_D/formless_melee_D.info.darkest
monsters/formless_melee/formless_melee_D/tint.png
monsters/formless_melee/formless_melee_E/formless_melee_E.art.darkest
monsters/formless_melee/formless_melee_E/formless_melee_E.info.darkest
monsters/formless_melee/formless_melee_E/tint.png
monsters/formless_melee/formless_melee_F/formless_melee_F.art.darkest
monsters/formless_melee/formless_melee_F/formless_melee_F.info.darkest
monsters/formless_melee/formless_melee_F/tint.png
monsters/formless_ranged/formless_ranged_D/formless_ranged_D.art.darkest
monsters/formless_ranged/formless_ranged_D/formless_ranged_D.info.darkest
monsters/formless_ranged/formless_ranged_D/tint.png
monsters/formless_ranged/formless_ranged_E/formless_ranged_E.art.darkest
monsters/formless_ranged/formless_ranged_E/formless_ranged_E.info.darkest
monsters/formless_ranged/formless_ranged_E/tint.png
monsters/formless_ranged/formless_ranged_F/formless_ranged_F.art.darkest
monsters/formless_ranged/formless_ranged_F/formless_ranged_F.info.darkest
monsters/formless_ranged/formless_ranged_F/tint.png
monsters/formless_weak/formless_weak_D/formless_weak_D.art.darkest
monsters/formless_weak/formless_weak_D/formless_weak_D.info.darkest
monsters/formless_weak/formless_weak_D/tint.png
monsters/formless_weak/formless_weak_E/formless_weak_E.art.darkest
monsters/formless_weak/formless_weak_E/formless_weak_E.info.darkest
monsters/formless_weak/formless_weak_E/tint.png
monsters/formless_weak/formless_weak_F/formless_weak_F.art.darkest
monsters/formless_weak/formless_weak_F/formless_weak_F.info.darkest
monsters/formless_weak/formless_weak_F/tint.png
monsters/hag/hag_D/hag_D.art.darkest
monsters/hag/hag_D/hag_D.info.darkest
monsters/hag/hag_D/tint.png
monsters/hag/hag_E/hag_E.art.darkest
monsters/hag/hag_E/hag_E.info.darkest
monsters/hag/hag_E/tint.png
monsters/necromancer/necromancer_D/necromancer_D.art.darkest
monsters/necromancer/necromancer_D/necromancer_D.info.darkest
monsters/necromancer/necromancer_D/tint.png
monsters/necromancer/necromancer_E/necromancer_E.art.darkest
monsters/necromancer/necromancer_E/necromancer_E.info.darkest
monsters/necromancer/necromancer_E/tint.png
monsters/necromancer/necromancer_F/necromancer_F.art.darkest
monsters/necromancer/necromancer_F/necromancer_F.info.darkest
monsters/necromancer/necromancer_F/tint.png
monsters/pew_large/pew_large_D/pew_large_D.art.darkest
monsters/pew_large/pew_large_D/pew_large_D.info.darkest
monsters/pew_large/pew_large_D/tint.png
monsters/pew_large/pew_large_E/pew_large_E.art.darkest
monsters/pew_large/pew_large_E/pew_large_E.info.darkest
monsters/pew_large/pew_large_E/tint.png
monsters/pew_large/pew_large_F/pew_large_F.art.darkest
monsters/pew_large/pew_large_F/pew_large_F.info.darkest
monsters/pew_large/pew_large_F/tint.png
monsters/pew_medium/pew_medium_D/pew_medium_D.art.darkest
monsters/pew_medium/pew_medium_D/pew_medium_D.info.darkest
monsters/pew_medium/pew_medium_D/tint.png
monsters/pew_medium/pew_medium_E/pew_medium_E.art.darkest
monsters/pew_medium/pew_medium_E/pew_medium_E.info.darkest
monsters/pew_medium/pew_medium_E/tint.png
monsters/pew_medium/pew_medium_F/pew_medium_F.art.darkest
monsters/pew_medium/pew_medium_F/pew_medium_F.info.darkest
monsters/pew_medium/pew_medium_F/tint.png
monsters/pew_small/pew_small_D/pew_small_D.art.darkest
monsters/pew_small/pew_small_D/pew_small_D.info.darkest
monsters/pew_small/pew_small_D/tint.png
monsters/pew_small/pew_small_E/pew_small_E.art.darkest
monsters/pew_small/pew_small_E/pew_small_E.info.darkest
monsters/pew_small/pew_small_E/tint.png
monsters/pew_small/pew_small_F/pew_small_F.art.darkest
monsters/pew_small/pew_small_F/pew_small_F.info.darkest
monsters/pew_small/pew_small_F/tint.png
monsters/prophet/prophet_D/prophet_D.art.darkest
monsters/prophet/prophet_D/prophet_D.info.darkest
monsters/prophet/prophet_D/tint.png
monsters/prophet/prophet_E/prophet_E.art.darkest
monsters/prophet/prophet_E/prophet_E.info.darkest
monsters/prophet/prophet_E/tint.png
monsters/prophet/prophet_F/prophet_F.art.darkest
monsters/prophet/prophet_F/prophet_F.info.darkest
monsters/prophet/prophet_F/tint.png
monsters/shuffler/shuffler_E/shuffler_E.art.darkest
monsters/shuffler/shuffler_E/shuffler_E.info.darkest
monsters/shuffler/shuffler_E/tint.png
monsters/shuffler/shuffler_F/shuffler_F.art.darkest
monsters/shuffler/shuffler_F/shuffler_F.info.darkest
monsters/shuffler/shuffler_F/tint.png
monsters/siren/siren_D/siren_D.art.darkest
monsters/siren/siren_D/siren_D.info.darkest
monsters/siren/siren_D/tint.png
monsters/siren/siren_E/siren_E.art.darkest
monsters/siren/siren_E/siren_E.info.darkest
monsters/siren/siren_E/tint.png
monsters/siren/siren_F/siren_F.art.darkest
monsters/siren/siren_F/siren_F.info.darkest
monsters/siren/siren_F/tint.png
monsters/skeleton_bearer/skeleton_bearer_C/skeleton_bearer_C.info.darkest
monsters/swine_piglet/swine_piglet_D/swine_piglet_D.art.darkest
monsters/swine_piglet/swine_piglet_D/swine_piglet_D.info.darkest
monsters/swine_piglet/swine_piglet_D/tint.png
monsters/swine_piglet/swine_piglet_E/swine_piglet_E.art.darkest
monsters/swine_piglet/swine_piglet_E/swine_piglet_E.info.darkest
monsters/swine_piglet/swine_piglet_E/tint.png
monsters/swine_prince/swine_prince_D/swine_prince_D.art.darkest
monsters/swine_prince/swine_prince_D/swine_prince_D.info.darkest
monsters/swine_prince/swine_prince_D/tint.png
monsters/swine_prince/swine_prince_E/swine_prince_E.art.darkest
monsters/swine_prince/swine_prince_E/swine_prince_E.info.darkest
monsters/swine_prince/swine_prince_E/tint.png
monsters/swine_prince/swine_prince_F/swine_prince_F.art.darkest
monsters/swine_prince/swine_prince_F/swine_prince_F.info.darkest
monsters/swine_prince/swine_prince_F/tint.png
panels/icons_equip/estate/Thumbs.db
panels/icons_equip/estate/inv_estate+bronze_coin.png
panels/icons_equip/estate/inv_estate+gold_coin.png
panels/icons_equip/estate/inv_estate+silver_coin.png
panels/icons_equip/supply/Thumbs.db
panels/icons_equip/supply/inv_supply+bronze_coin.png
panels/icons_equip/supply/inv_supply+corrupting_strength2.png
panels/icons_equip/supply/inv_supply+eldritch_draught2.png
panels/icons_equip/supply/inv_supply+eyesight_elixir2.png
panels/icons_equip/supply/inv_supply+gold_coin.png
panels/icons_equip/supply/inv_supply+heroism_draught2.png
panels/icons_equip/supply/inv_supply+provoked_protection2.png
panels/icons_equip/supply/inv_supply+silver_coin.png
panels/icons_equip/supply/inv_supply+vigorous_concoction2.png
panels/icons_equip/trinket/Thumbs.db
panels/icons_equip/trinket/inv_trinket+00_tarot_fool.png
panels/icons_equip/trinket/inv_trinket+01_tarot_magician.png
panels/icons_equip/trinket/inv_trinket+02_tarot_priestess.png
panels/icons_equip/trinket/inv_trinket+03_tarot_empress.png
panels/icons_equip/trinket/inv_trinket+04_tarot_emperor.png
panels/icons_equip/trinket/inv_trinket+05_tarot_hierophant.png
panels/icons_equip/trinket/inv_trinket+06_tarot_lovers.png
panels/icons_equip/trinket/inv_trinket+07_tarot_chariot.png
panels/icons_equip/trinket/inv_trinket+08_tarot_strength.png
panels/icons_equip/trinket/inv_trinket+09_tarot_hermit.png
panels/icons_equip/trinket/inv_trinket+10_tarot_wheel.png
panels/icons_equip/trinket/inv_trinket+11_tarot_justice.png
panels/icons_equip/trinket/inv_trinket+12_tarot_hanged.png
panels/icons_equip/trinket/inv_trinket+13_tarot_death.png
panels/icons_equip/trinket/inv_trinket+14_tarot_temperance.png
panels/icons_equip/trinket/inv_trinket+15_tarot_devil.png
panels/icons_equip/trinket/inv_trinket+16_tarot_tower.png
panels/icons_equip/trinket/inv_trinket+17_tarot_star.png
panels/icons_equip/trinket/inv_trinket+18_tarot_moon.png
panels/icons_equip/trinket/inv_trinket+19_tarot_sun.png
panels/icons_equip/trinket/inv_trinket+20_tarot_judgement.png
panels/icons_equip/trinket/inv_trinket+21_tarot_world.png
panels/icons_equip/trinket/inv_trinket+ancestors_coinage.png
panels/icons_equip/trinket/inv_trinket+ancestors_standard.png
panels/icons_equip/trinket/inv_trinket+angel_tree_topper.png
panels/icons_equip/trinket/inv_trinket+black_cat_miniature.png
panels/icons_equip/trinket/inv_trinket+bloating_vial.png
panels/icons_equip/trinket/inv_trinket+bloody_baer.png
panels/icons_equip/trinket/inv_trinket+bone_femur.png
panels/icons_equip/trinket/inv_trinket+bone_knuckle.png
panels/icons_equip/trinket/inv_trinket+bone_ribs.png
panels/icons_equip/trinket/inv_trinket+bone_skull.png
panels/icons_equip/trinket/inv_trinket+bone_spine.png
panels/icons_equip/trinket/inv_trinket+christmas_cake.png
panels/icons_equip/trinket/inv_trinket+christmas_cracker.png
panels/icons_equip/trinket/inv_trinket+easter_lilium.png
panels/icons_equip/trinket/inv_trinket+explosive_concoction.png
panels/icons_equip/trinket/inv_trinket+four_leaf_clover.png
panels/icons_equip/trinket/inv_trinket+grave_candle.png
panels/icons_equip/trinket/inv_trinket+heads_abomination.png
panels/icons_equip/trinket/inv_trinket+heads_antiquarian.png
panels/icons_equip/trinket/inv_trinket+heads_arbalest.png
panels/icons_equip/trinket/inv_trinket+heads_bountyhunter.png
panels/icons_equip/trinket/inv_trinket+heads_crusader.png
panels/icons_equip/trinket/inv_trinket+heads_graverobber.png
panels/icons_equip/trinket/inv_trinket+heads_hellion.png
panels/icons_equip/trinket/inv_trinket+heads_houndmaster.png
panels/icons_equip/trinket/inv_trinket+heads_jester.png
panels/icons_equip/trinket/inv_trinket+heads_leper.png
panels/icons_equip/trinket/inv_trinket+heads_occultist.png
panels/icons_equip/trinket/inv_trinket+heads_plaguedoctor.png
panels/icons_equip/trinket/inv_trinket+heart_in_a_jar.png
panels/icons_equip/trinket/inv_trinket+heartless_gingerbread.png
panels/icons_equip/trinket/inv_trinket+holy_grail.png
panels/icons_equip/trinket/inv_trinket+jack_o_lantern.png
panels/icons_equip/trinket/inv_trinket+jesters_stocking.png
